============================= test session starts =============================
platform win32 -- Python 3.10.11, pytest-9.0.2, pluggy-1.6.0 -- C:\Users\LOQ\AppData\Local\Programs\Python\Python310\python.exe
cachedir: .pytest_cache
rootdir: C:\Users\LOQ\OneDrive\Desktop\ultron_complete_docs\ultron
configfile: pyproject.toml
plugins: anyio-4.8.0, dash-3.0.3, langsmith-0.4.6, asyncio-1.3.0
asyncio: mode=auto, debug=False, asyncio_default_fixture_loop_scope=None, asyncio_default_test_loop_scope=function
collecting ... collected 10 items

tests/test_phase5_fixes.py::TestComment1_ToolAutoDiscovery::test_registry_auto_discovers_tools FAILED [ 10%]
tests/test_phase5_fixes.py::TestComment2_RedisAPIMismatches::test_heartbeat_tick_no_attribute_error PASSED [ 20%]
tests/test_phase5_fixes.py::TestComment2_RedisAPIMismatches::test_scheduler_pop_no_attribute_error PASSED [ 30%]
tests/test_phase5_fixes.py::TestComment2_RedisAPIMismatches::test_bifrost_logging_no_attribute_error PASSED [ 40%]
tests/test_phase5_fixes.py::TestComment3_UnmockBackendFlows::test_spec_generator_uses_gemini PASSED [ 50%]
tests/test_phase5_fixes.py::TestComment3_UnmockBackendFlows::test_remote_work_loop_dispatches PASSED [ 60%]
tests/test_phase5_fixes.py::TestComment3_UnmockBackendFlows::test_agent_s3_grounding PASSED [ 70%]
tests/test_phase5_fixes.py::TestComment4_DispatcherValidation::test_dispatcher_preserves_validation_error PASSED [ 80%]
tests/test_phase5_fixes.py::TestComment4_DispatcherValidation::test_dispatcher_validates_output_schema PASSED [ 90%]
tests/test_phase5_fixes.py::TestComment6_NISTTool::test_nist_parsing FAILED [100%]

================================== FAILURES ===================================
______ TestComment1_ToolAutoDiscovery.test_registry_auto_discovers_tools ______
tests\test_phase5_fixes.py:11: in test_registry_auto_discovers_tools
    from packages.tools import registry
packages\tools\__init__.py:7: in <module>
    registry.auto_discover()
packages\tools\registry.py:57: in auto_discover
    module = importlib.import_module(full_module_name)
..\..\..\..\AppData\Local\Programs\Python\Python310\lib\importlib\__init__.py:126: in import_module
    return _bootstrap._gcd_import(name[level:], package, level)
packages\tools\code\git_tool.py:3: in <module>
    from git import Repo, Exc
E   ImportError: cannot import name 'Exc' from 'git' (C:\Users\LOQ\AppData\Local\Programs\Python\Python310\lib\site-packages\git\__init__.py)
___________________ TestComment6_NISTTool.test_nist_parsing ___________________
..\..\..\..\AppData\Local\Programs\Python\Python310\lib\unittest\mock.py:1248: in _dot_lookup
    return getattr(thing, comp)
E   AttributeError: module 'packages' has no attribute 'tools'

During handling of the above exception, another exception occurred:
tests\test_phase5_fixes.py:219: in test_nist_parsing
    with patch('packages.tools.che.nist_mcp.httpx.AsyncClient') as mock_client_class:
..\..\..\..\AppData\Local\Programs\Python\Python310\lib\unittest\mock.py:1431: in __enter__
    self.target = self.getter()
..\..\..\..\AppData\Local\Programs\Python\Python310\lib\unittest\mock.py:1618: in <lambda>
    getter = lambda: _importer(target)
..\..\..\..\AppData\Local\Programs\Python\Python310\lib\unittest\mock.py:1261: in _importer
    thing = _dot_lookup(thing, comp, import_path)
..\..\..\..\AppData\Local\Programs\Python\Python310\lib\unittest\mock.py:1250: in _dot_lookup
    __import__(import_path)
packages\tools\__init__.py:7: in <module>
    registry.auto_discover()
packages\tools\registry.py:57: in auto_discover
    module = importlib.import_module(full_module_name)
..\..\..\..\AppData\Local\Programs\Python\Python310\lib\importlib\__init__.py:126: in import_module
    return _bootstrap._gcd_import(name[level:], package, level)
packages\tools\code\git_tool.py:3: in <module>
    from git import Repo, Exc
E   ImportError: cannot import name 'Exc' from 'git' (C:\Users\LOQ\AppData\Local\Programs\Python\Python310\lib\site-packages\git\__init__.py)
---------------------------- Captured stderr call -----------------------------
[WARN] Redis unavailable — using in-memory fallback
------------------------------ Captured log call ------------------------------
ERROR    ultron.redis:redis_client.py:35 Redis connection failed: [WinError 10061] No connection could be made because the target machine actively refused it
=========================== short test summary info ===========================
FAILED tests/test_phase5_fixes.py::TestComment1_ToolAutoDiscovery::test_registry_auto_discovers_tools
FAILED tests/test_phase5_fixes.py::TestComment6_NISTTool::test_nist_parsing
======================== 2 failed, 8 passed in 24.48s =========================
